<?xml version="1.0" encoding="UTF-8"?>
<testng-results ignored="0" total="1" passed="1" failed="0" skipped="0">
  <reporter-output>
  </reporter-output>
  <suite started-at="2021-02-08T18:31:14Z" name="Suite" finished-at="2021-02-08T18:31:37Z" duration-ms="23029">
    <groups>
    </groups>
    <test started-at="2021-02-08T18:31:14Z" name="Test" finished-at="2021-02-08T18:31:37Z" duration-ms="23029">
      <class name="com.learnautomation.testcases.LogintestCRM">
        <test-method is-config="true" signature="setupSuite()[pri:0, instance:com.learnautomation.testcases.LogintestCRM@38e79ae3]" started-at="2021-02-09T00:01:11Z" name="setupSuite" finished-at="2021-02-09T00:01:14Z" duration-ms="2839" status="PASS">
          <reporter-output>
          </reporter-output>
        </test-method> <!-- setupSuite -->
        <test-method is-config="true" signature="setUp(java.lang.String, java.lang.String)[pri:0, instance:com.learnautomation.testcases.LogintestCRM@38e79ae3]" started-at="2021-02-09T00:01:14Z" name="setUp" finished-at="2021-02-09T00:01:23Z" duration-ms="9386" status="PASS">
          <params>
            <param index="0">
              <value>
                <![CDATA[chrome]]>
              </value>
            </param>
            <param index="1">
              <value>
                <![CDATA[http://demo.guru99.com/test/newtours/login.php]]>
              </value>
            </param>
          </params>
          <reporter-output>
          </reporter-output>
        </test-method> <!-- setUp -->
        <test-method signature="loginApp()[pri:0, instance:com.learnautomation.testcases.LogintestCRM@38e79ae3]" started-at="2021-02-09T00:01:23Z" name="loginApp" finished-at="2021-02-09T00:01:30Z" duration-ms="7296" status="PASS">
          <reporter-output>
          </reporter-output>
        </test-method> <!-- loginApp -->
        <test-method is-config="true" signature="teardownMethod(org.testng.ITestResult)[pri:0, instance:com.learnautomation.testcases.LogintestCRM@38e79ae3]" started-at="2021-02-09T00:01:30Z" name="teardownMethod" finished-at="2021-02-09T00:01:32Z" duration-ms="1038" status="PASS">
          <params>
            <param index="0">
              <value>
                <![CDATA[[TestResult name=loginApp status=SUCCESS method=LogintestCRM.loginApp()[pri:0, instance:com.learnautomation.testcases.LogintestCRM@38e79ae3] output={null}]]]>
              </value>
            </param>
          </params>
          <reporter-output>
          </reporter-output>
        </test-method> <!-- teardownMethod -->
        <test-method is-config="true" signature="teardown()[pri:0, instance:com.learnautomation.testcases.LogintestCRM@38e79ae3]" started-at="2021-02-09T00:01:32Z" name="teardown" finished-at="2021-02-09T00:01:37Z" duration-ms="5284" status="PASS">
          <reporter-output>
          </reporter-output>
        </test-method> <!-- teardown -->
      </class> <!-- com.learnautomation.testcases.LogintestCRM -->
    </test> <!-- Test -->
  </suite> <!-- Suite -->
</testng-results>
