<?xml version="1.0" encoding="UTF-8"?>
<testng-results ignored="0" total="1" passed="1" failed="0" skipped="0">
  <reporter-output>
  </reporter-output>
  <suite started-at="2021-02-08T10:54:48Z" name="Suite" finished-at="2021-02-08T10:55:05Z" duration-ms="16504">
    <groups>
    </groups>
    <test started-at="2021-02-08T10:54:48Z" name="Test" finished-at="2021-02-08T10:55:05Z" duration-ms="16504">
      <class name="com.learnautomation.testcases.LogintestCRM">
        <test-method is-config="true" signature="setupSuite()[pri:0, instance:com.learnautomation.testcases.LogintestCRM@117e949d]" started-at="2021-02-08T16:24:47Z" name="setupSuite" finished-at="2021-02-08T16:24:48Z" duration-ms="1149" status="PASS">
          <reporter-output>
          </reporter-output>
        </test-method> <!-- setupSuite -->
        <test-method is-config="true" signature="setUp()[pri:0, instance:com.learnautomation.testcases.LogintestCRM@117e949d]" started-at="2021-02-08T16:24:48Z" name="setUp" finished-at="2021-02-08T16:24:56Z" duration-ms="7734" status="PASS">
          <reporter-output>
          </reporter-output>
        </test-method> <!-- setUp -->
        <test-method signature="loginApp()[pri:0, instance:com.learnautomation.testcases.LogintestCRM@117e949d]" started-at="2021-02-08T16:24:56Z" name="loginApp" finished-at="2021-02-08T16:25:03Z" duration-ms="7030" status="PASS">
          <reporter-output>
          </reporter-output>
        </test-method> <!-- loginApp -->
        <test-method is-config="true" signature="teardownMethod(org.testng.ITestResult)[pri:0, instance:com.learnautomation.testcases.LogintestCRM@117e949d]" started-at="2021-02-08T16:25:03Z" name="teardownMethod" finished-at="2021-02-08T16:25:04Z" duration-ms="550" status="PASS">
          <params>
            <param index="0">
              <value>
                <![CDATA[[TestResult name=loginApp status=SUCCESS method=LogintestCRM.loginApp()[pri:0, instance:com.learnautomation.testcases.LogintestCRM@117e949d] output={null}]]]>
              </value>
            </param>
          </params>
          <reporter-output>
          </reporter-output>
        </test-method> <!-- teardownMethod -->
        <test-method is-config="true" signature="teardown()[pri:0, instance:com.learnautomation.testcases.LogintestCRM@117e949d]" started-at="2021-02-08T16:25:04Z" name="teardown" finished-at="2021-02-08T16:25:05Z" duration-ms="1165" status="PASS">
          <reporter-output>
          </reporter-output>
        </test-method> <!-- teardown -->
      </class> <!-- com.learnautomation.testcases.LogintestCRM -->
    </test> <!-- Test -->
  </suite> <!-- Suite -->
</testng-results>
